/*C1*/SET SCHEMA SYSTEM_LOBS
INSERT INTO BLOCKS VALUES(0,2147483647,0)
COMMIT
/*C2*/SET SCHEMA PUBLIC
DISCONNECT
/*C3*/SET SCHEMA PUBLIC
DISCONNECT
/*C4*/SET SCHEMA PUBLIC
DISCONNECT
/*C5*/SET SCHEMA PUBLIC
DISCONNECT
/*C6*/SET SCHEMA PUBLIC
DISCONNECT
/*C7*/SET SCHEMA PUBLIC
DISCONNECT
/*C8*/SET SCHEMA PUBLIC
DISCONNECT
/*C9*/SET SCHEMA PUBLIC
DISCONNECT
/*C10*/SET SCHEMA PUBLIC
DISCONNECT
/*C11*/SET SCHEMA PUBLIC
DISCONNECT
/*C12*/SET SCHEMA PUBLIC
DISCONNECT
/*C13*/SET SCHEMA PUBLIC
DISCONNECT
/*C14*/SET SCHEMA PUBLIC
DISCONNECT
/*C15*/SET SCHEMA PUBLIC
DISCONNECT
/*C16*/SET SCHEMA PUBLIC
DISCONNECT
/*C17*/SET SCHEMA PUBLIC
DISCONNECT
/*C18*/SET SCHEMA PUBLIC
CREATE TABLE Produto (id INTEGER GENERATED BY DEFAULT AS IDENTITY PRIMARY KEY, nome VARCHAR(255), descricao VARCHAR(255))
/*C19*/SET SCHEMA PUBLIC
DISCONNECT
/*C18*/INSERT INTO PRODUTO VALUES(1,'Geladeira','Geladeira duas portas')
COMMIT
INSERT INTO PRODUTO VALUES(2,'Ferro de passar','Ferro de passar roupa com vaporizador')
COMMIT
/*C20*/SET SCHEMA PUBLIC
DISCONNECT
/*C18*/DISCONNECT
/*C21*/SET SCHEMA PUBLIC
DISCONNECT
/*C22*/SET SCHEMA PUBLIC
DISCONNECT
/*C24*/SET SCHEMA PUBLIC
DISCONNECT
/*C25*/SET SCHEMA PUBLIC
DISCONNECT
/*C26*/SET SCHEMA PUBLIC
DISCONNECT
/*C27*/SET SCHEMA PUBLIC
DISCONNECT
/*C23*/SET SCHEMA PUBLIC
DISCONNECT
/*C29*/SET SCHEMA PUBLIC
DISCONNECT
/*C30*/SET SCHEMA PUBLIC
DISCONNECT
/*C31*/SET SCHEMA PUBLIC
DISCONNECT
/*C32*/SET SCHEMA PUBLIC
INSERT INTO PRODUTO VALUES(3,'Notebook','Notebook i5')
COMMIT
DISCONNECT
/*C33*/SET SCHEMA PUBLIC
INSERT INTO PRODUTO VALUES(4,'Notebook','Notebook i5')
COMMIT
DISCONNECT
/*C28*/SET SCHEMA PUBLIC
DISCONNECT
